Run Stats for experiment at: 05-19-2016 21:21:07
Run Stats for experiment at: 05-19-2016 21:21:09
Run Stats for experiment at: 05-19-2016 21:22:34
Run Stats for experiment at: 05-19-2016 21:22:47
Run Stats for experiment at: 05-19-2016 21:23:06
Run Stats for experiment at: 05-19-2016 21:24:48
Run Stats for experiment at: 05-19-2016 21:25:33
0.0
Run Stats for experiment at: 05-19-2016 21:25:49
0.0
Run Stats for experiment at: 05-19-2016 21:26:07
0.0
Run Stats for experiment at: 05-19-2016 21:26:17
0.0
Run Stats for experiment at: 05-19-2016 21:28:18
226.0
Run Stats for experiment at: 05-19-2016 21:28:44
694.0
Run Stats for experiment at: 05-19-2016 21:29:02
86.0
Run Stats for experiment at: 05-19-2016 21:29:36
460.0
Run Stats for experiment at: 05-19-2016 21:30:50
2321.0
Run Stats for experiment at: 05-19-2016 21:33:02
688.0
Run Stats for experiment at: 05-19-2016 21:47:02
1118.0
Run Stats for experiment at: 05-19-2016 21:48:44
225.0
Run Stats for experiment at: 05-19-2016 22:00:07
Run Stats for experiment at: 05-19-2016 22:01:36
4072.0
Run Stats for experiment at: 05-19-2016 22:01:43
4240.0
Run Stats for experiment at: 05-19-2016 22:01:47
4231.0
Run Stats for experiment at: 05-19-2016 22:01:50
4342.0
Run Stats for experiment at: 05-19-2016 22:01:52
4062.0
Run Stats for experiment at: 05-19-2016 22:03:00
4128.0
Run Stats for experiment at: 05-19-2016 22:04:07
4097.0
Run Stats for experiment at: 05-19-2016 22:04:13
3695.0
Run Stats for experiment at: 05-19-2016 22:11:36
4051.0
Run Stats for experiment at: 05-19-2016 22:21:02
4063.0
Run Stats for experiment at: 05-19-2016 22:21:59
4121.0
Run Stats for experiment at: 05-19-2016 22:22:41
4160.0
Run Stats for experiment at: 05-19-2016 22:23:52
3659.0
Run Stats for experiment at: 05-19-2016 22:26:04
3952.0
Run Stats for experiment at: 05-19-2016 22:27:14
10260.0
Run Stats for experiment at: 05-19-2016 22:28:54
10015.0
Run Stats for experiment at: 05-19-2016 22:29:01
3996.0
Run Stats for experiment at: 05-19-2016 22:29:10
4040.0
Run Stats for experiment at: 05-19-2016 22:31:35
3567.0
4105.0
4187.0
4222.0
3797.0
4137.0
4096.0
3824.0
4151.0
4185.0
4125.0
4173.0
4076.0
4075.0
4183.0
4144.0
4061.0
3828.0
4089.0
3896.0
4046.0
4130.0
4288.0
4288.0
3897.0
4072.0
3883.0
4355.0
3793.0
3882.0
4107.0
4088.0
4037.0
4106.0
3959.0
4197.0
4208.0
4003.0
4248.0
3904.0
4229.0
4061.0
3966.0
4317.0
4343.0
3870.0
4229.0
4141.0
4028.0
4303.0
3854.0
4066.0
4476.0
4346.0
3820.0
4036.0
3814.0
3808.0
4335.0
4090.0
4124.0
4045.0
4195.0
4024.0
4230.0
4230.0
3971.0
4189.0
4221.0
4190.0
4072.0
4199.0
4192.0
4330.0
4183.0
3557.0
3829.0
4059.0
4127.0
4114.0
4114.0
4271.0
4312.0
3743.0
3973.0
4192.0
4317.0
3982.0
4112.0
4109.0
3891.0
3966.0
4225.0
4215.0
4233.0
4087.0
4166.0
4397.0
4053.0
4113.0
Run Stats for experiment at: 05-19-2016 22:45:50
4392.0
4150.0
4161.0
Run Stats for experiment at: 05-19-2016 22:46:56
4071.0
4307.0
4235.0
4048.0
4047.0
4261.0
3934.0
4411.0
4029.0
4233.0
4085.0
4097.0
4099.0
4226.0
4046.0
3776.0
4316.0
3937.0
4112.0
4054.0
4128.0
4031.0
4196.0
3962.0
3980.0
4436.0
4014.0
4073.0
4192.0
3994.0
4194.0
3794.0
4163.0
4063.0
4242.0
3873.0
4277.0
4261.0
4300.0
4232.0
4106.0
3860.0
4218.0
3862.0
3992.0
4413.0
4236.0
3651.0
4033.0
4132.0
3989.0
4367.0
4327.0
4177.0
4039.0
4108.0
4284.0
4133.0
3999.0
4621.0
4130.0
4224.0
3853.0
3981.0
4011.0
4318.0
4241.0
3870.0
3928.0
4178.0
3580.0
4161.0
3942.0
3859.0
4444.0
3817.0
4038.0
4236.0
4203.0
4041.0
4152.0
4316.0
4034.0
3986.0
4188.0
4105.0
3921.0
4039.0
4176.0
4390.0
4071.0
3947.0
4161.0
3912.0
3828.0
4051.0
4315.0
4187.0
4138.0
4081.0
Run Stats for experiment at: 05-19-2016 22:47:03
4413.0
4341.0
4109.0
4070.0
4228.0
4041.0
3791.0
4292.0
4280.0
4211.0
4160.0
4110.0
4108.0
3957.0
4537.0
4259.0
3889.0
3968.0
3887.0
3961.0
4098.0
3987.0
3823.0
3795.0
4069.0
3994.0
4431.0
4080.0
4030.0
4140.0
4293.0
4344.0
4054.0
4025.0
4138.0
4403.0
4507.0
4109.0
4001.0
3984.0
4318.0
4199.0
4244.0
3662.0
4199.0
4205.0
4435.0
4371.0
3822.0
4118.0
4043.0
4110.0
3984.0
4343.0
4224.0
4397.0
3882.0
4113.0
4145.0
4299.0
3887.0
4102.0
3983.0
3899.0
3918.0
4217.0
3741.0
4151.0
4038.0
4140.0
4010.0
4167.0
4155.0
3951.0
4038.0
3825.0
4191.0
4180.0
4097.0
4058.0
4171.0
4043.0
3781.0
3909.0
4176.0
4322.0
4051.0
4179.0
4231.0
4013.0
4149.0
4273.0
4218.0
3777.0
3983.0
4189.0
4043.0
4259.0
4364.0
4092.0
